Begin Stretch debug
Import BS4
C:\Users\Luke\Documents\KiCad\7.0\3rdparty\plugins\com_github_jarrettr_stretch\kiplug
kicad_pcb
Starting plugin CircularZone
Starting plugin ViaStitching
An exception occurred during import C:\Users\Luke\Documents\KiCad\7.0\3rdparty\plugins\com_github_Steffen-W_impartGUI\config.ini
Starting plugin CircularZone
Starting plugin ViaStitching
An exception occurred during import C:\Users\Luke\Documents\KiCad\7.0\3rdparty\plugins\com_github_Steffen-W_impartGUI\config.ini
Starting plugin CircularZone
Starting plugin ViaStitching
An exception occurred during import C:\Users\Luke\Documents\KiCad\7.0\3rdparty\plugins\com_github_Steffen-W_impartGUI\config.ini
Starting plugin CircularZone
Starting plugin ViaStitching
An exception occurred during import C:\Users\Luke\Documents\KiCad\7.0\3rdparty\plugins\com_github_Steffen-W_impartGUI\config.ini
Starting plugin CircularZone
Starting plugin ViaStitching
An exception occurred during import C:\Users\Luke\Documents\KiCad\7.0\3rdparty\plugins\com_github_Steffen-W_impartGUI\config.ini
Starting plugin CircularZone
Starting plugin ViaStitching
An exception occurred during import C:\Users\Luke\Documents\KiCad\7.0\3rdparty\plugins\com_github_Steffen-W_impartGUI\config.ini
Starting plugin CircularZone
Starting plugin ViaStitching
An exception occurred during import C:\Users\Luke\Documents\KiCad\7.0\3rdparty\plugins\com_github_Steffen-W_impartGUI\config.ini
Starting plugin CircularZone
Starting plugin ViaStitching
An exception occurred during import C:\Users\Luke\Documents\KiCad\7.0\3rdparty\plugins\com_github_Steffen-W_impartGUI\config.ini
Starting plugin CircularZone
Starting plugin ViaStitching
An exception occurred during import C:\Users\Luke\Documents\KiCad\7.0\3rdparty\plugins\com_github_Steffen-W_impartGUI\config.ini
Starting plugin CircularZone
Starting plugin ViaStitching
An exception occurred during import C:\Users\Luke\Documents\KiCad\7.0\3rdparty\plugins\com_github_Steffen-W_impartGUI\config.ini
Starting plugin CircularZone
Starting plugin ViaStitching
An exception occurred during import C:\Users\Luke\Documents\KiCad\7.0\3rdparty\plugins\com_github_Steffen-W_impartGUI\config.ini
Starting plugin CircularZone
Starting plugin ViaStitching
An exception occurred during import C:\Users\Luke\Documents\KiCad\7.0\3rdparty\plugins\com_github_Steffen-W_impartGUI\config.ini
Starting plugin CircularZone
Starting plugin ViaStitching
An exception occurred during import C:\Users\Luke\Documents\KiCad\7.0\3rdparty\plugins\com_github_Steffen-W_impartGUI\config.ini
Starting plugin CircularZone
Starting plugin ViaStitching
An exception occurred during import C:\Users\Luke\Documents\KiCad\7.0\3rdparty\plugins\com_github_Steffen-W_impartGUI\config.ini
Starting plugin CircularZone
Starting plugin ViaStitching
An exception occurred during import C:\Users\Luke\Documents\KiCad\7.0\3rdparty\plugins\com_github_Steffen-W_impartGUI\config.ini
Starting plugin CircularZone
Starting plugin ViaStitching
An exception occurred during import C:\Users\Luke\Documents\KiCad\7.0\3rdparty\plugins\com_github_Steffen-W_impartGUI\config.ini
Starting plugin CircularZone
Starting plugin ViaStitching
An exception occurred during import C:\Users\Luke\Documents\KiCad\7.0\3rdparty\plugins\com_github_Steffen-W_impartGUI\config.ini
Starting plugin CircularZone
Starting plugin ViaStitching
An exception occurred during import C:\Users\Luke\Documents\KiCad\7.0\3rdparty\plugins\com_github_Steffen-W_impartGUI\config.ini
Starting plugin CircularZone
Starting plugin ViaStitching
An exception occurred during import C:\Users\Luke\Documents\KiCad\7.0\3rdparty\plugins\com_github_Steffen-W_impartGUI\config.ini
